timestamp: 2015-10-11T23:52:41.572052
CREATE TABLE auth_user(
    id INTEGER PRIMARY KEY AUTOINCREMENT,
    first_name CHAR(128),
    last_name CHAR(128),
    email CHAR(512),
    password CHAR(512),
    registration_key CHAR(512),
    reset_password_key CHAR(512),
    registration_id CHAR(512)
);
success!
timestamp: 2015-10-11T23:52:41.709912
CREATE TABLE auth_group(
    id INTEGER PRIMARY KEY AUTOINCREMENT,
    role CHAR(512),
    description TEXT
);
success!
timestamp: 2015-10-11T23:52:41.810751
CREATE TABLE auth_membership(
    id INTEGER PRIMARY KEY AUTOINCREMENT,
    user_id INTEGER REFERENCES auth_user (id) ON DELETE CASCADE  ,
    group_id INTEGER REFERENCES auth_group (id) ON DELETE CASCADE  
);
success!
timestamp: 2015-10-11T23:52:41.944577
CREATE TABLE auth_permission(
    id INTEGER PRIMARY KEY AUTOINCREMENT,
    group_id INTEGER REFERENCES auth_group (id) ON DELETE CASCADE  ,
    name CHAR(512),
    table_name CHAR(512),
    record_id INTEGER
);
success!
timestamp: 2015-10-11T23:52:42.056624
CREATE TABLE auth_event(
    id INTEGER PRIMARY KEY AUTOINCREMENT,
    time_stamp TIMESTAMP,
    client_ip CHAR(512),
    user_id INTEGER REFERENCES auth_user (id) ON DELETE CASCADE  ,
    origin CHAR(512),
    description TEXT
);
success!
timestamp: 2015-10-11T23:52:42.167373
CREATE TABLE auth_cas(
    id INTEGER PRIMARY KEY AUTOINCREMENT,
    user_id INTEGER REFERENCES auth_user (id) ON DELETE CASCADE  ,
    created_on TIMESTAMP,
    service CHAR(512),
    ticket CHAR(512),
    renew CHAR(1)
);
success!
timestamp: 2015-10-11T23:52:42.307188
CREATE TABLE notas(
    id INTEGER PRIMARY KEY AUTOINCREMENT,
    nota DOUBLE,
    aluno INTEGER REFERENCES auth_user (id) ON DELETE CASCADE  ,
    professor INTEGER REFERENCES auth_user (id) ON DELETE SET NULL  
);
success!
timestamp: 2015-10-11T23:52:42.433699
CREATE TABLE biblioteca(
    id INTEGER PRIMARY KEY AUTOINCREMENT,
    arquivo CHAR(512) NOT NULL,
    professor INTEGER REFERENCES auth_user (id) ON DELETE SET NULL  NOT NULL 
);
success!
timestamp: 2015-10-11T23:52:42.569052
CREATE TABLE forum(
    id INTEGER PRIMARY KEY AUTOINCREMENT,
    titulo CHAR(512) NOT NULL,
    mensagem TEXT NOT NULL,
    is_active CHAR(1),
    created_on TIMESTAMP,
    created_by INTEGER REFERENCES auth_user (id) ON DELETE CASCADE  ,
    modified_on TIMESTAMP,
    modified_by INTEGER REFERENCES auth_user (id) ON DELETE CASCADE  
);
success!
timestamp: 2015-10-11T23:52:42.703614
CREATE TABLE comentarios(
    id INTEGER PRIMARY KEY AUTOINCREMENT,
    titulo CHAR(512) NOT NULL,
    mensagem TEXT NOT NULL,
    postagem INTEGER REFERENCES forum (id) ON DELETE CASCADE  ,
    is_active CHAR(1),
    created_on TIMESTAMP,
    created_by INTEGER REFERENCES auth_user (id) ON DELETE CASCADE  ,
    modified_on TIMESTAMP,
    modified_by INTEGER REFERENCES auth_user (id) ON DELETE CASCADE  
);
success!
